

MiKTeX Setup 2.9.3927 Report

Date: Monday, October 04, 2010
Time: 15:00:54
OS version: Microsoft Windows 7 Ultimate Edition, 64-bit (build 7600)
SystemAdmin: yes
PowerUser: false
SharedSetup: yes
Setup path: C:\work\total-miktex\basicsetup-2.9\basic-miktex-2.9.3927.exe
UserRoots: <none specified>
UserData: <none specified>
UserConfig: <none specified>
CommonRoots: <none specified>
CommonData: <none specified>
CommonConfig: <none specified>

Installation: C:\MiKTeX-Portable-2.9
Loading package database...
starting package maintenance...
installation directory: C:\MiKTeX-Portable-2.9
package repository: C:\Users\mik\AppData\Local\Temp\mik18958
visiting repository C:\Users\mik\AppData\Local\Temp\mik18958...
repository type: local package repository
loading lightweight database...
lightweight database digest: 1c3824c008375dda4579aebdbfa8c1e7
going to install 9304 file(s) (156 package(s))
problem: C:\MiKTeX-Portable-2.9\miktex/bin\MiKTeX209-core-PS.dll does not exist
problem: C:\MiKTeX-Portable-2.9\miktex/bin\MiKTeX209-core.dll does not exist
problem: C:\MiKTeX-Portable-2.9\miktex/bin\MiKTeX209-packagemanager-PS.dll does not exist
problem: C:\MiKTeX-Portable-2.9\miktex/bin\MiKTeX209-packagemanager.dll does not exist
extracting files from ae.tar.lzma...
extracting files from amsfonts.tar.lzma...
extracting files from amslatex.tar.lzma...
extracting files from avantgar.cab...
extracting files from babel.tar.lzma...
extracting files from bidi.tar.lzma...
extracting files from bookman.cab...
extracting files from carlisle.tar.lzma...
extracting files from cbcoptic.tar.lzma...
extracting files from cm.tar.lzma...
extracting files from courier.cab...
extracting files from dehyph-exptl.tar.lzma...
extracting files from ec.cab...
extracting files from elhyphen.tar.lzma...
extracting files from enctex.tar.lzma...
extracting files from euenc.tar.lzma...
extracting files from eurosym.tar.lzma...
extracting files from float.cab...
extracting files from fontspec.tar.lzma...
extracting files from geometry.tar.lzma...
extracting files from graphics.tar.lzma...
extracting files from helvetic.cab...
extracting files from hoekwater.cab...
extracting files from hyperref.tar.lzma...
extracting files from hyph-utf8.tar.lzma...
extracting files from ifxetex.tar.lzma...
extracting files from jknappen.cab...
extracting files from latex-fonts.tar.lzma...
extracting files from latex2e-help-texinfo.tar.lzma...
extracting files from lm.tar.lzma...
extracting files from ltxbase.tar.lzma...
extracting files from ltxmisc.tar.lzma...
extracting files from lua-alt-getopt.tar.lzma...
extracting files from luainputenc.tar.lzma...
extracting files from lualibs.tar.lzma...
extracting files from luamplib.tar.lzma...
extracting files from luaotfload.tar.lzma...
extracting files from luatexbase.tar.lzma...
extracting files from luatextra.tar.lzma...
extracting files from mflogo.cab...
extracting files from miktex-arctrl-bin-2.9.tar.lzma...
extracting files from miktex-bibtex-base.cab...
extracting files from miktex-bibtex-bin-2.9.tar.lzma...
extracting files from miktex-bibtex8bit-base.cab...
extracting files from miktex-bibtex8bit-bin-2.9.tar.lzma...
extracting files from miktex-bin-2.9.tar.lzma...
extracting files from miktex-cjkutils-bin-2.9.tar.lzma...
extracting files from miktex-config-2.9.tar.lzma...
extracting files from miktex-cweb-base.cab...
extracting files from miktex-cweb-bin-2.9.tar.lzma...
extracting files from miktex-dict-english.tar.lzma...
extracting files from miktex-dict-french.tar.lzma...
extracting files from miktex-dict-german.tar.lzma...
extracting files from miktex-doc-2.9.tar.lzma...
extracting files from miktex-dvicopy-bin-2.9.tar.lzma...
extracting files from miktex-dvipdfm-base-2.7.tar.lzma...
extracting files from miktex-dvipdfmx-base-2.7.tar.lzma...
extracting files from miktex-dvipdfmx-bin-2.9.tar.lzma...
extracting files from miktex-dvipng-bin-2.9.tar.lzma...
extracting files from miktex-dvips-base.tar.bz2...
extracting files from miktex-dvips-bin-2.9.tar.lzma...
extracting files from miktex-dvips-doc.cab...
extracting files from miktex-etex-base.cab...
extracting files from miktex-findtexmf-bin-2.9.tar.lzma...
extracting files from miktex-fontconfig-base.tar.bz2...
extracting files from miktex-fontconfig-bin-2.9.tar.lzma...
extracting files from miktex-fontname-base.tar.lzma...
extracting files from miktex-fonts-bin-2.9.tar.lzma...
extracting files from miktex-freetype-base.cab...
extracting files from miktex-freetype-bin-2.9.tar.lzma...
extracting files from miktex-freetype2-bin-2.9.tar.lzma...
extracting files from miktex-ghostscript-base-2.9.tar.lzma...
extracting files from miktex-ghostscript-bin-2.9.tar.lzma...
extracting files from miktex-graphics-bin-2.9.tar.lzma...
extracting files from miktex-gsf2pk-base.cab...
extracting files from miktex-gsf2pk-bin-2.9.tar.lzma...
extracting files from miktex-hunspell-bin-2.9.tar.lzma...
extracting files from miktex-hyph-french.tar.bz2...
extracting files from miktex-hyph-german.tar.bz2...
extracting files from miktex-hyph-usenglish.cab...
extracting files from miktex-icu-bin-2.9.tar.lzma...
extracting files from miktex-kpathsea-bin-2.9.tar.lzma...
extracting files from miktex-latex-config-2.9.tar.lzma...
extracting files from miktex-lua51-bin-2.9.tar.lzma...
extracting files from miktex-luatex-base.tar.lzma...
extracting files from miktex-luatex-bin-2.9.tar.lzma...
extracting files from miktex-makeindex-base.cab...
extracting files from miktex-makeindex-bin-2.9.tar.lzma...
extracting files from miktex-metafont-base.cab...
extracting files from miktex-metafont-bin-2.9.tar.lzma...
extracting files from miktex-metafont-misc.tar.lzma...
extracting files from miktex-metapost-base-2.7.tar.lzma...
extracting files from miktex-metapost-bin-2.9.tar.lzma...
extracting files from miktex-mft-base.cab...
extracting files from miktex-mfware-bin-2.9.tar.lzma...
extracting files from miktex-misc.tar.lzma...
extracting files from miktex-mkfntmap-bin-2.9.tar.lzma...
extracting files from miktex-mktex-bin-2.9.tar.lzma...
extracting files from miktex-mo-bin-2.9.tar.lzma...
extracting files from miktex-mpm-bin-2.9.tar.lzma...
extracting files from miktex-mthelp-bin-2.9.tar.lzma...
extracting files from miktex-mtprint-bin-2.9.tar.lzma...
extracting files from miktex-omega-bin-2.9.tar.lzma...
extracting files from miktex-pdftex-base-2.9.tar.lzma...
extracting files from miktex-pdftex-bin-2.9.tar.lzma...
extracting files from miktex-pdftex-doc-2.6.tar.bz2...
extracting files from miktex-poppler-base.tar.lzma...
extracting files from miktex-poppler-bin-2.9.tar.lzma...
extracting files from miktex-ps2pk-bin-2.9.tar.lzma...
extracting files from miktex-psutils-base.cab...
extracting files from miktex-psutils-bin-2.9.tar.lzma...
extracting files from miktex-qt4-bin-2.9.tar.lzma...
extracting files from miktex-runtime-bin-2.9.tar.lzma...
extracting files from miktex-teckit-bin-2.9.tar.lzma...
extracting files from miktex-tex-base.tar.lzma...
extracting files from miktex-tex-bin-2.9.tar.lzma...
extracting files from miktex-tex-misc.tar.lzma...
extracting files from miktex-tex4ht-bin-2.9.tar.lzma...
extracting files from miktex-texify-bin-2.9.tar.lzma...
extracting files from miktex-texinfo-base.tar.lzma...
extracting files from miktex-texinfo-bin-2.9.tar.lzma...
extracting files from miktex-texware-bin-2.9.tar.lzma...
extracting files from miktex-texworks-bin-2.9.tar.lzma...
extracting files from miktex-texworks-doc.tar.lzma...
extracting files from miktex-vc100-bin.tar.lzma...
extracting files from miktex-web-bin-2.9.tar.lzma...
extracting files from miktex-xdvipdfmx-bin-2.9.tar.lzma...
extracting files from miktex-xetex-base.tar.lzma...
extracting files from miktex-xetex-bin-2.9.tar.lzma...
extracting files from miktex-yap-bin-2.9.tar.lzma...
extracting files from miktex-zip-bin.tar.lzma...
extracting files from multirow.cab...
extracting files from ncntrsbk.cab...
extracting files from oberdiek.tar.lzma...
extracting files from palatino.cab...
extracting files from pdftex-def.tar.lzma...
extracting files from pslatex.cab...
extracting files from psnfss.cab...
extracting files from pstricks.tar.lzma...
extracting files from rsfs.tar.lzma...
extracting files from ruhyphen.cab...
extracting files from tds.cab...
extracting files from thumbpdf.tar.lzma...
extracting files from times.cab...
extracting files from tools.tar.lzma...
extracting files from ukrhyph.cab...
extracting files from utopia.cab...
extracting files from xetexref.tar.lzma...
extracting files from xetexurl.tar.lzma...
extracting files from xgreek.tar.lzma...
extracting files from xkeyval.tar.lzma...
extracting files from xltxtra.tar.lzma...
extracting files from xunicode.tar.lzma...
extracting files from xypic.tar.lzma...
extracting files from zapfchan.cab...
extracting files from zapfding.cab...
updating package definition directory (C:\MiKTeX-Portable-2.9\tpm\packages)...
installed 1928 package definition files
visiting repository C:\Users\mik\AppData\Local\Temp\mik18958...
repository type: local package repository
loading lightweight database...
C:\MiKTeX-Portable-2.9\miktex/bin\initexmf.exe --portable=C:\MiKTeX-Portable-2.9 --rmfndb --admin --log-file=C:\MiKTeX-Portable-2.9\miktex\config\uninst.log --verbose:
C:\MiKTeX-Portable-2.9\miktex/bin\mpm.exe --register-components --admin --verbose:
configuring fontconfig\config\fonts.conf
C:\MiKTeX-Portable-2.9\miktex/bin\initexmf.exe --update-fndb --admin --log-file=C:\MiKTeX-Portable-2.9\miktex\config\uninst.log --verbose:
Creating fndb for common root directory (C:\MiKTeX-Portable-2.9)...
C:\MiKTeX-Portable-2.9\miktex/bin\initexmf.exe --force --mklinks --admin --log-file=C:\MiKTeX-Portable-2.9\miktex\config\uninst.log --verbose:
Making format links...
Making script links...
  C:\MiKTeX-Portable-2.9\miktex/bin\miktex-taskbar-icon.exe
  C:\MiKTeX-Portable-2.9\miktex/bin\miktex-update.exe
C:\MiKTeX-Portable-2.9\miktex/bin\initexmf.exe --mkmaps --mklangs --admin --log-file=C:\MiKTeX-Portable-2.9\miktex\config\uninst.log --verbose:
Creating language.dat, language.dat.lua and language.def...
Entering administrative mode...
Parsing config file C:\MiKTeX-Portable-2.9\miktex\config\updmap.cfg...
Parsing C:\MiKTeX-Portable-2.9\fonts\map\dvips\tetex\dvips35.map...
Parsing C:\MiKTeX-Portable-2.9\fonts\map\dvips\tetex\pdftex35.map...
Parsing C:\MiKTeX-Portable-2.9\fonts\map\dvips\tetex\dvipdfm35.map...
Parsing C:\MiKTeX-Portable-2.9\fonts\map\dvips\tetex\ps2pk35.map...
Parsing C:\MiKTeX-Portable-2.9\fonts\map\dvips\amsfonts\cm.map...
Parsing C:\MiKTeX-Portable-2.9\fonts\map\dvips\amsfonts\cmextra.map...
Parsing C:\MiKTeX-Portable-2.9\fonts\map\dvips\amsfonts\cyrillic.map...
Parsing C:\MiKTeX-Portable-2.9\fonts\map\dvips\amsfonts\euler.map...
Parsing C:\MiKTeX-Portable-2.9\dvips\eurosym\eurosym.map...
Parsing C:\MiKTeX-Portable-2.9\dvips\hoekwater\hoekwater.map...
Parsing C:\MiKTeX-Portable-2.9\fonts\map\dvips\amsfonts\latxfont.map...
Parsing C:\MiKTeX-Portable-2.9\fonts\map\dvips\rsfs\rsfs.map...
Parsing C:\MiKTeX-Portable-2.9\fonts\map\dvips\amsfonts\symbols.map...
Parsing C:\MiKTeX-Portable-2.9\fonts\map\dvips\xypic\xypic.map...
Parsing C:\MiKTeX-Portable-2.9\fonts\map\dvips\psnfss\charter.map...
Parsing C:\MiKTeX-Portable-2.9\fonts\map\dvips\psnfss\fpls.map...
Parsing C:\MiKTeX-Portable-2.9\fonts\map\dvips\lm\lm.map...
Parsing C:\MiKTeX-Portable-2.9\fonts\map\dvips\obsolete\mathpi.map...
Parsing C:\MiKTeX-Portable-2.9\fonts\map\dvips\obsolete\mathpple-ext.map...
Parsing C:\MiKTeX-Portable-2.9\fonts\map\dvips\psnfss\pazo.map...
Parsing C:\MiKTeX-Portable-2.9\dvips\pslatex\pcrr8rn.map...
Parsing C:\MiKTeX-Portable-2.9\fonts\map\dvips\psnfss\psnfss.map...
Parsing C:\MiKTeX-Portable-2.9\fonts\map\dvips\avantgar\uag.map...
Parsing C:\MiKTeX-Portable-2.9\fonts\map\dvips\bookman\ubk.map...
Parsing C:\MiKTeX-Portable-2.9\fonts\map\dvips\courier\ucr.map...
Parsing C:\MiKTeX-Portable-2.9\fonts\map\dvips\helvetic\uhv.map...
Parsing C:\MiKTeX-Portable-2.9\fonts\map\dvips\ncntrsbk\unc.map...
Parsing C:\MiKTeX-Portable-2.9\fonts\map\dvips\palatino\upl.map...
Parsing C:\MiKTeX-Portable-2.9\fonts\map\dvips\times\utm.map...
Parsing C:\MiKTeX-Portable-2.9\fonts\map\dvips\psnfss\utopia.map...
Parsing C:\MiKTeX-Portable-2.9\fonts\map\dvips\zapfchan\uzc.map...
Parsing C:\MiKTeX-Portable-2.9\fonts\map\dvips\zapfding\uzd.map...
Writing C:\MiKTeX-Portable-2.9\dvips\config\ps2pk.map...
Writing C:\MiKTeX-Portable-2.9\dvips\config\download35.map...
Writing C:\MiKTeX-Portable-2.9\dvips\config\builtin35.map...
Writing C:\MiKTeX-Portable-2.9\dvips\config\psfonts_t1.map...
Writing C:\MiKTeX-Portable-2.9\dvips\config\psfonts_pk.map...
Writing C:\MiKTeX-Portable-2.9\pdftex\config\pdftex_ndl14.map...
Writing C:\MiKTeX-Portable-2.9\pdftex\config\pdftex_dl14.map...
Writing C:\MiKTeX-Portable-2.9\dvipdfm\config\dvipdfm_dl14.map...
Writing C:\MiKTeX-Portable-2.9\dvipdfm\config\dvipdfm_ndl14.map...
Copying C:\MiKTeX-Portable-2.9\dvips\config\psfonts_t1.map
     to C:\MiKTeX-Portable-2.9\dvips\config\psfonts.map...
Copying C:\MiKTeX-Portable-2.9\dvipdfm\config\dvipdfm_dl14.map
     to C:\MiKTeX-Portable-2.9\dvipdfm\config\dvipdfm.map...
Copying C:\MiKTeX-Portable-2.9\pdftex\config\pdftex_dl14.map
     to C:\MiKTeX-Portable-2.9\pdftex\config\pdftex.map...
C:/Windows/Fonts: caching, new cache contents: 903 fonts, 0 dirs
C:/Program Files (x86)/Adobe/Reader 9.0/Resource/Font: caching, new cache contents: 16 fonts, 1 dirs
C:/Program Files (x86)/Adobe/Reader 9.0/Resource/Font/PFM: caching, new cache contents: 0 fonts, 0 dirs
C:/MiKTeX-Portable-2.9/fonts/type1: caching, new cache contents: 0 fonts, 5 dirs
C:/MiKTeX-Portable-2.9/fonts/type1/adobe: caching, new cache contents: 0 fonts, 2 dirs
C:/MiKTeX-Portable-2.9/fonts/type1/adobe/courier: caching, new cache contents: 6 fonts, 0 dirs
C:/MiKTeX-Portable-2.9/fonts/type1/adobe/utopia: caching, new cache contents: 4 fonts, 0 dirs
C:/MiKTeX-Portable-2.9/fonts/type1/groff: caching, new cache contents: 1 fonts, 0 dirs
C:/MiKTeX-Portable-2.9/fonts/type1/hoekwater: caching, new cache contents: 0 fonts, 4 dirs
C:/MiKTeX-Portable-2.9/fonts/type1/hoekwater/mflogo: caching, new cache contents: 8 fonts, 0 dirs
C:/MiKTeX-Portable-2.9/fonts/type1/hoekwater/misc: caching, new cache contents: 1 fonts, 0 dirs
C:/MiKTeX-Portable-2.9/fonts/type1/hoekwater/rsfs: caching, new cache contents: 3 fonts, 0 dirs
C:/MiKTeX-Portable-2.9/fonts/type1/hoekwater/stmaryrd: caching, new cache contents: 6 fonts, 0 dirs
C:/MiKTeX-Portable-2.9/fonts/type1/public: caching, new cache contents: 0 fonts, 6 dirs
C:/MiKTeX-Portable-2.9/fonts/type1/public/amsfonts: caching, new cache contents: 0 fonts, 6 dirs
C:/MiKTeX-Portable-2.9/fonts/type1/public/amsfonts/cm: caching, new cache contents: 75 fonts, 0 dirs
C:/MiKTeX-Portable-2.9/fonts/type1/public/amsfonts/cmextra: caching, new cache contents: 15 fonts, 0 dirs
C:/MiKTeX-Portable-2.9/fonts/type1/public/amsfonts/cyrillic: caching, new cache contents: 5 fonts, 0 dirs
C:/MiKTeX-Portable-2.9/fonts/type1/public/amsfonts/euler: caching, new cache contents: 22 fonts, 0 dirs
C:/MiKTeX-Portable-2.9/fonts/type1/public/amsfonts/latxfont: caching, new cache contents: 14 fonts, 0 dirs
C:/MiKTeX-Portable-2.9/fonts/type1/public/amsfonts/symbols: caching, new cache contents: 12 fonts, 0 dirs
C:/MiKTeX-Portable-2.9/fonts/type1/public/cbcoptic: caching, new cache contents: 2 fonts, 0 dirs
C:/MiKTeX-Portable-2.9/fonts/type1/public/eurosym: caching, new cache contents: 12 fonts, 0 dirs
C:/MiKTeX-Portable-2.9/fonts/type1/public/lm: caching, new cache contents: 92 fonts, 0 dirs
C:/MiKTeX-Portable-2.9/fonts/type1/public/rsfs: caching, new cache contents: 3 fonts, 0 dirs
C:/MiKTeX-Portable-2.9/fonts/type1/public/xypic: caching, new cache contents: 23 fonts, 0 dirs
C:/MiKTeX-Portable-2.9/fonts/type1/urw: caching, new cache contents: 0 fonts, 9 dirs
C:/MiKTeX-Portable-2.9/fonts/type1/urw/avantgar: caching, new cache contents: 4 fonts, 0 dirs
C:/MiKTeX-Portable-2.9/fonts/type1/urw/bookman: caching, new cache contents: 4 fonts, 0 dirs
C:/MiKTeX-Portable-2.9/fonts/type1/urw/courier: caching, new cache contents: 4 fonts, 0 dirs
C:/MiKTeX-Portable-2.9/fonts/type1/urw/helvetic: caching, new cache contents: 14 fonts, 0 dirs
C:/MiKTeX-Portable-2.9/fonts/type1/urw/ncntrsbk: caching, new cache contents: 4 fonts, 0 dirs
C:/MiKTeX-Portable-2.9/fonts/type1/urw/palatino: caching, new cache contents: 4 fonts, 0 dirs
C:/MiKTeX-Portable-2.9/fonts/type1/urw/times: caching, new cache contents: 4 fonts, 0 dirs
C:/MiKTeX-Portable-2.9/fonts/type1/urw/zapfchan: caching, new cache contents: 1 fonts, 0 dirs
C:/MiKTeX-Portable-2.9/fonts/type1/urw/zapfding: caching, new cache contents: 1 fonts, 0 dirs
C:/MiKTeX-Portable-2.9/fonts/opentype: caching, new cache contents: 0 fonts, 1 dirs
C:/MiKTeX-Portable-2.9/fonts/opentype/public: caching, new cache contents: 0 fonts, 1 dirs
C:/MiKTeX-Portable-2.9/fonts/opentype/public/lm: caching, new cache contents: 72 fonts, 0 dirs
C:/MiKTeX-Portable-2.9/fontconfig/cache: cleaning cache directory
C:\MiKTeX-Portable-2.9\miktex\bin\fc-cache.EXE: succeeded
C:\MiKTeX-Portable-2.9\miktex/bin\initexmf.exe --set-config-value=[MPM]AutoInstall=2 --admin --log-file=C:\MiKTeX-Portable-2.9\miktex\config\uninst.log --verbose:
C:\MiKTeX-Portable-2.9\miktex/bin\initexmf.exe --update-fndb --admin --log-file=C:\MiKTeX-Portable-2.9\miktex\config\uninst.log --verbose:
Creating fndb for common root directory (C:\MiKTeX-Portable-2.9)...
C:\MiKTeX-Portable-2.9\miktex/bin\initexmf.exe --report --admin --log-file=C:\MiKTeX-Portable-2.9\miktex\config\uninst.log --verbose:
MiKTeX: 2.9
SystemAdmin: yes
PowerUser: no
OS: Microsoft Windows 7 Ultimate Edition, 64-bit (build 7600)
Root0: C:\MiKTeX-Portable-2.9
UserInstall: C:\MiKTeX-Portable-2.9
UserData: C:\MiKTeX-Portable-2.9
UserConfig: C:\MiKTeX-Portable-2.9
CommonInstall: C:\MiKTeX-Portable-2.9
CommonData: C:\MiKTeX-Portable-2.9
CommonConfig: C:\MiKTeX-Portable-2.9
