[files]
C:\MiKTeX-Portable-2.9\miktex/bin\platex.exe
C:\MiKTeX-Portable-2.9\miktex/bin\mltex.exe
C:\MiKTeX-Portable-2.9\miktex/bin\cont-fr.exe
C:\MiKTeX-Portable-2.9\miktex/bin\amstex.exe
C:\MiKTeX-Portable-2.9\miktex/bin\csplain.exe
C:\MiKTeX-Portable-2.9\miktex/bin\bplain.exe
C:\MiKTeX-Portable-2.9\miktex/bin\cont-it.exe
C:\MiKTeX-Portable-2.9\miktex/bin\cont-de.exe
C:\MiKTeX-Portable-2.9\miktex/bin\jadetex.exe
C:\MiKTeX-Portable-2.9\miktex/bin\cont-en.exe
C:\MiKTeX-Portable-2.9\miktex/bin\pdfplatex.exe
C:\MiKTeX-Portable-2.9\miktex/bin\pdfmex.exe
C:\MiKTeX-Portable-2.9\miktex/bin\cslatex.exe
C:\MiKTeX-Portable-2.9\miktex/bin\cont-nl.exe
C:\MiKTeX-Portable-2.9\miktex/bin\pdfjadetex.exe
C:\MiKTeX-Portable-2.9\miktex/bin\cont-ro.exe
C:\MiKTeX-Portable-2.9\miktex/bin\dvilualatex.exe
C:\MiKTeX-Portable-2.9\miktex/bin\etex.exe
C:\MiKTeX-Portable-2.9\miktex/bin\dviluatex.exe
C:\MiKTeX-Portable-2.9\miktex/bin\lambda.exe
C:\MiKTeX-Portable-2.9\miktex/bin\latex.exe
C:\MiKTeX-Portable-2.9\miktex/bin\lualatex.exe
C:\MiKTeX-Portable-2.9\miktex/bin\metafun.exe
C:\MiKTeX-Portable-2.9\miktex/bin\xmltex.exe
C:\MiKTeX-Portable-2.9\miktex/bin\mex.exe
C:\MiKTeX-Portable-2.9\miktex/bin\mfmp.exe
C:\MiKTeX-Portable-2.9\miktex/bin\mllatex.exe
C:\MiKTeX-Portable-2.9\miktex/bin\pdflatex.exe
C:\MiKTeX-Portable-2.9\miktex/bin\pdfetex.exe
C:\MiKTeX-Portable-2.9\miktex/bin\pdfxmltex.exe
C:\MiKTeX-Portable-2.9\miktex/bin\xelatex.exe
C:\MiKTeX-Portable-2.9\miktex/bin\findhyph.exe
C:\MiKTeX-Portable-2.9\miktex/bin\bibhtml.exe
C:\MiKTeX-Portable-2.9\miktex/bin\makejmlrbook.exe
C:\MiKTeX-Portable-2.9\miktex/bin\pn2pdf.exe
C:\MiKTeX-Portable-2.9\miktex/bin\makeglossaries.exe
C:\MiKTeX-Portable-2.9\miktex/bin\orderrefs.exe
C:\MiKTeX-Portable-2.9\miktex/bin\pfm2kpx.exe
C:\MiKTeX-Portable-2.9\miktex/bin\mkt1font.exe
C:\MiKTeX-Portable-2.9\miktex/bin\texdiff.exe
C:\MiKTeX-Portable-2.9\miktex/bin\vpl2vpl.exe
C:\MiKTeX-Portable-2.9\miktex/bin\mptopdf.exe
C:\MiKTeX-Portable-2.9\miktex/bin\latexdiff-vc.exe
C:\MiKTeX-Portable-2.9\miktex/bin\vpl2ovp.exe
C:\MiKTeX-Portable-2.9\miktex/bin\autoinst.exe
C:\MiKTeX-Portable-2.9\miktex/bin\authorindex.exe
C:\MiKTeX-Portable-2.9\miktex/bin\splitindex.exe
C:\MiKTeX-Portable-2.9\miktex/bin\bib2xhtml.exe
C:\MiKTeX-Portable-2.9\miktex/bin\birm.exe
C:\MiKTeX-Portable-2.9\miktex/bin\biokey2html3.exe
C:\MiKTeX-Portable-2.9\miktex/bin\csvtools.exe
C:\MiKTeX-Portable-2.9\miktex/bin\feynmf.exe
C:\MiKTeX-Portable-2.9\miktex/bin\urlbst.exe
C:\MiKTeX-Portable-2.9\miktex/bin\perltex.exe
C:\MiKTeX-Portable-2.9\miktex/bin\fig4latex.exe
C:\MiKTeX-Portable-2.9\miktex/bin\afm2afm.exe
C:\MiKTeX-Portable-2.9\miktex/bin\cmap2enc.exe
C:\MiKTeX-Portable-2.9\miktex/bin\font2afm.exe
C:\MiKTeX-Portable-2.9\miktex/bin\rcsinfo.exe
C:\MiKTeX-Portable-2.9\miktex/bin\ot2kpx.exe
C:\MiKTeX-Portable-2.9\miktex/bin\showglyphs.exe
C:\MiKTeX-Portable-2.9\miktex/bin\ibyhyph.exe
C:\MiKTeX-Portable-2.9\miktex/bin\latexmk.exe
C:\MiKTeX-Portable-2.9\miktex/bin\latexdiff-fast.exe
C:\MiKTeX-Portable-2.9\miktex/bin\latexdiff-so.exe
C:\MiKTeX-Portable-2.9\miktex/bin\latexdiff.exe
C:\MiKTeX-Portable-2.9\miktex/bin\latexrevise.exe
C:\MiKTeX-Portable-2.9\miktex/bin\xdv2pdf_mergemarks.exe
C:\MiKTeX-Portable-2.9\miktex/bin\pdfatfi.exe
C:\MiKTeX-Portable-2.9\miktex/bin\pdfcrop.exe
C:\MiKTeX-Portable-2.9\miktex/bin\pedigree.exe
C:\MiKTeX-Portable-2.9\miktex/bin\pst2pdf.exe
C:\MiKTeX-Portable-2.9\miktex/bin\biokey2html1.exe
C:\MiKTeX-Portable-2.9\miktex/bin\mk4ht.exe
C:\MiKTeX-Portable-2.9\miktex/bin\biokey2html2.exe
C:\MiKTeX-Portable-2.9\miktex/bin\svn-multi.exe
C:\MiKTeX-Portable-2.9\miktex/bin\texcount.exe
C:\MiKTeX-Portable-2.9\miktex/bin\texdirflatten.exe
C:\MiKTeX-Portable-2.9\miktex/bin\thumbpdf.exe
C:\MiKTeX-Portable-2.9\miktex/bin\jscontext.exe
C:\MiKTeX-Portable-2.9\miktex/bin\gslp.exe
C:\MiKTeX-Portable-2.9\miktex/bin\gsbj.exe
C:\MiKTeX-Portable-2.9\miktex/bin\htxetex.exe
C:\MiKTeX-Portable-2.9\miktex/bin\htlatex.exe
C:\MiKTeX-Portable-2.9\miktex/bin\bdftops.exe
C:\MiKTeX-Portable-2.9\miktex/bin\eps2eps.exe
C:\MiKTeX-Portable-2.9\miktex/bin\dumphint.exe
C:\MiKTeX-Portable-2.9\miktex/bin\wmakebat.exe
C:\MiKTeX-Portable-2.9\miktex/bin\gslj.exe
C:\MiKTeX-Portable-2.9\miktex/bin\pf2afm.exe
C:\MiKTeX-Portable-2.9\miktex/bin\gsndt.exe
C:\MiKTeX-Portable-2.9\miktex/bin\font2c.exe
C:\MiKTeX-Portable-2.9\miktex/bin\gsdj.exe
C:\MiKTeX-Portable-2.9\miktex/bin\estex.exe
C:\MiKTeX-Portable-2.9\miktex/bin\gsdj500.exe
C:\MiKTeX-Portable-2.9\miktex/bin\oolatex.exe
C:\MiKTeX-Portable-2.9\miktex/bin\dbmcontext.exe
C:\MiKTeX-Portable-2.9\miktex/bin\ooxetex.exe
C:\MiKTeX-Portable-2.9\miktex/bin\gsnd.exe
C:\MiKTeX-Portable-2.9\miktex/bin\jh1tex.exe
C:\MiKTeX-Portable-2.9\miktex/bin\gssetgs.exe
C:\MiKTeX-Portable-2.9\miktex/bin\lpgs.exe
C:\MiKTeX-Portable-2.9\miktex/bin\gst.exe
C:\MiKTeX-Portable-2.9\miktex/bin\httexi.exe
C:\MiKTeX-Portable-2.9\miktex/bin\ps2ps2.exe
C:\MiKTeX-Portable-2.9\miktex/bin\gstt.exe
C:\MiKTeX-Portable-2.9\miktex/bin\dbmxetex.exe
C:\MiKTeX-Portable-2.9\miktex/bin\dbmlatex.exe
C:\MiKTeX-Portable-2.9\miktex/bin\teimxetex.exe
C:\MiKTeX-Portable-2.9\miktex/bin\jh1texi.exe
C:\MiKTeX-Portable-2.9\miktex/bin\lp386.exe
C:\MiKTeX-Portable-2.9\miktex/bin\wtexi.exe
C:\MiKTeX-Portable-2.9\miktex/bin\lp386r2.exe
C:\MiKTeX-Portable-2.9\miktex/bin\dbtexi.exe
C:\MiKTeX-Portable-2.9\miktex/bin\lpr2.exe
C:\MiKTeX-Portable-2.9\miktex/bin\ps2epsi.exe
C:\MiKTeX-Portable-2.9\miktex/bin\pdf2dsc.exe
C:\MiKTeX-Portable-2.9\miktex/bin\ps2pdf.exe
C:\MiKTeX-Portable-2.9\miktex/bin\pdf2ps.exe
C:\MiKTeX-Portable-2.9\miktex/bin\pdfopt.exe
C:\MiKTeX-Portable-2.9\miktex/bin\pfbtopfa.exe
C:\MiKTeX-Portable-2.9\miktex/bin\pftogsf.exe
C:\MiKTeX-Portable-2.9\miktex/bin\ps2ascii.exe
C:\MiKTeX-Portable-2.9\miktex/bin\ps2pdf12.exe
C:\MiKTeX-Portable-2.9\miktex/bin\ps2pdf13.exe
C:\MiKTeX-Portable-2.9\miktex/bin\ps2pdf14.exe
C:\MiKTeX-Portable-2.9\miktex/bin\xhmtexi.exe
C:\MiKTeX-Portable-2.9\miktex/bin\uxhtexi.exe
C:\MiKTeX-Portable-2.9\miktex/bin\ps2pdfxx.exe
C:\MiKTeX-Portable-2.9\miktex/bin\ps2ps.exe
C:\MiKTeX-Portable-2.9\miktex/bin\ps4pdf.exe
C:\MiKTeX-Portable-2.9\miktex/bin\esmex.exe
C:\MiKTeX-Portable-2.9\miktex/bin\biokey2html.exe
C:\MiKTeX-Portable-2.9\miktex/bin\dbcontext.exe
C:\MiKTeX-Portable-2.9\miktex/bin\teixetex.exe
C:\MiKTeX-Portable-2.9\miktex/bin\ht.exe
C:\MiKTeX-Portable-2.9\miktex/bin\teilatex.exe
C:\MiKTeX-Portable-2.9\miktex/bin\dbxetex.exe
C:\MiKTeX-Portable-2.9\miktex/bin\dblatex.exe
C:\MiKTeX-Portable-2.9\miktex/bin\teimex.exe
C:\MiKTeX-Portable-2.9\miktex/bin\dbmtex.exe
C:\MiKTeX-Portable-2.9\miktex/bin\dbmex.exe
C:\MiKTeX-Portable-2.9\miktex/bin\dbmmex.exe
C:\MiKTeX-Portable-2.9\miktex/bin\dbmtexi.exe
C:\MiKTeX-Portable-2.9\miktex/bin\estexi.exe
C:\MiKTeX-Portable-2.9\miktex/bin\dbmxelatex.exe
C:\MiKTeX-Portable-2.9\miktex/bin\dbtex.exe
C:\MiKTeX-Portable-2.9\miktex/bin\teixelatex.exe
C:\MiKTeX-Portable-2.9\miktex/bin\escontext.exe
C:\MiKTeX-Portable-2.9\miktex/bin\dbxelatex.exe
C:\MiKTeX-Portable-2.9\miktex/bin\esxetex.exe
C:\MiKTeX-Portable-2.9\miktex/bin\eslatex.exe
C:\MiKTeX-Portable-2.9\miktex/bin\esxelatex.exe
C:\MiKTeX-Portable-2.9\miktex/bin\htcontext.exe
C:\MiKTeX-Portable-2.9\miktex/bin\htmex.exe
C:\MiKTeX-Portable-2.9\miktex/bin\httex.exe
C:\MiKTeX-Portable-2.9\miktex/bin\htxelatex.exe
C:\MiKTeX-Portable-2.9\miktex/bin\jh1context.exe
C:\MiKTeX-Portable-2.9\miktex/bin\jh1latex.exe
C:\MiKTeX-Portable-2.9\miktex/bin\jh1mex.exe
C:\MiKTeX-Portable-2.9\miktex/bin\jh1xelatex.exe
C:\MiKTeX-Portable-2.9\miktex/bin\jh1xetex.exe
C:\MiKTeX-Portable-2.9\miktex/bin\jhcontext.exe
C:\MiKTeX-Portable-2.9\miktex/bin\jhlatex.exe
C:\MiKTeX-Portable-2.9\miktex/bin\jhmex.exe
C:\MiKTeX-Portable-2.9\miktex/bin\jstexi.exe
C:\MiKTeX-Portable-2.9\miktex/bin\jhtex.exe
C:\MiKTeX-Portable-2.9\miktex/bin\jhtexi.exe
C:\MiKTeX-Portable-2.9\miktex/bin\jhxelatex.exe
C:\MiKTeX-Portable-2.9\miktex/bin\jhxetex.exe
C:\MiKTeX-Portable-2.9\miktex/bin\jmcontext.exe
C:\MiKTeX-Portable-2.9\miktex/bin\jmlatex.exe
C:\MiKTeX-Portable-2.9\miktex/bin\jmmex.exe
C:\MiKTeX-Portable-2.9\miktex/bin\jmtex.exe
C:\MiKTeX-Portable-2.9\miktex/bin\jmtexi.exe
C:\MiKTeX-Portable-2.9\miktex/bin\jmxelatex.exe
C:\MiKTeX-Portable-2.9\miktex/bin\jmxetex.exe
C:\MiKTeX-Portable-2.9\miktex/bin\jslatex.exe
C:\MiKTeX-Portable-2.9\miktex/bin\jsmex.exe
C:\MiKTeX-Portable-2.9\miktex/bin\jstex.exe
C:\MiKTeX-Portable-2.9\miktex/bin\jsxelatex.exe
C:\MiKTeX-Portable-2.9\miktex/bin\jsxetex.exe
C:\MiKTeX-Portable-2.9\miktex/bin\mzcontext.exe
C:\MiKTeX-Portable-2.9\miktex/bin\mzlatex.exe
C:\MiKTeX-Portable-2.9\miktex/bin\mzmex.exe
C:\MiKTeX-Portable-2.9\miktex/bin\mztex.exe
C:\MiKTeX-Portable-2.9\miktex/bin\mztexi.exe
C:\MiKTeX-Portable-2.9\miktex/bin\mzxelatex.exe
C:\MiKTeX-Portable-2.9\miktex/bin\mzxetex.exe
C:\MiKTeX-Portable-2.9\miktex/bin\oocontext.exe
C:\MiKTeX-Portable-2.9\miktex/bin\oomex.exe
C:\MiKTeX-Portable-2.9\miktex/bin\ootex.exe
C:\MiKTeX-Portable-2.9\miktex/bin\ootexi.exe
C:\MiKTeX-Portable-2.9\miktex/bin\ooxelatex.exe
C:\MiKTeX-Portable-2.9\miktex/bin\xhxelatex.exe
C:\MiKTeX-Portable-2.9\miktex/bin\teicontext.exe
C:\MiKTeX-Portable-2.9\miktex/bin\teimcontext.exe
C:\MiKTeX-Portable-2.9\miktex/bin\teimlatex.exe
C:\MiKTeX-Portable-2.9\miktex/bin\teimmex.exe
C:\MiKTeX-Portable-2.9\miktex/bin\teimtex.exe
C:\MiKTeX-Portable-2.9\miktex/bin\teimtexi.exe
C:\MiKTeX-Portable-2.9\miktex/bin\teimxelatex.exe
C:\MiKTeX-Portable-2.9\miktex/bin\teitex.exe
C:\MiKTeX-Portable-2.9\miktex/bin\teitexi.exe
C:\MiKTeX-Portable-2.9\miktex/bin\xhmcontext.exe
C:\MiKTeX-Portable-2.9\miktex/bin\uxhcontext.exe
C:\MiKTeX-Portable-2.9\miktex/bin\xhmlatex.exe
C:\MiKTeX-Portable-2.9\miktex/bin\uxhlatex.exe
C:\MiKTeX-Portable-2.9\miktex/bin\xhmmex.exe
C:\MiKTeX-Portable-2.9\miktex/bin\uxhmex.exe
C:\MiKTeX-Portable-2.9\miktex/bin\xhmtex.exe
C:\MiKTeX-Portable-2.9\miktex/bin\uxhtex.exe
C:\MiKTeX-Portable-2.9\miktex/bin\xhmxelatex.exe
C:\MiKTeX-Portable-2.9\miktex/bin\uxhxelatex.exe
C:\MiKTeX-Portable-2.9\miktex/bin\xhmxetex.exe
C:\MiKTeX-Portable-2.9\miktex/bin\uxhxetex.exe
C:\MiKTeX-Portable-2.9\miktex/bin\wcontext.exe
C:\MiKTeX-Portable-2.9\miktex/bin\wlatex.exe
C:\MiKTeX-Portable-2.9\miktex/bin\wmex.exe
C:\MiKTeX-Portable-2.9\miktex/bin\wtex.exe
C:\MiKTeX-Portable-2.9\miktex/bin\wxelatex.exe
C:\MiKTeX-Portable-2.9\miktex/bin\wxetex.exe
C:\MiKTeX-Portable-2.9\miktex/bin\xhcontext.exe
C:\MiKTeX-Portable-2.9\miktex/bin\xhlatex.exe
C:\MiKTeX-Portable-2.9\miktex/bin\xhmex.exe
C:\MiKTeX-Portable-2.9\miktex/bin\xhtex.exe
C:\MiKTeX-Portable-2.9\miktex/bin\xhtexi.exe
C:\MiKTeX-Portable-2.9\miktex/bin\xhxetex.exe
C:\MiKTeX-Portable-2.9\miktex/bin\mkluatexfontdb.exe
C:\MiKTeX-Portable-2.9\miktex/bin\context.exe
C:\MiKTeX-Portable-2.9\miktex/bin\luatools.exe
C:\MiKTeX-Portable-2.9\miktex/bin\mtxrun.exe
C:\MiKTeX-Portable-2.9\miktex/bin\texmfstart.exe
C:\MiKTeX-Portable-2.9\miktex/bin\texexec.exe
C:\MiKTeX-Portable-2.9\miktex/bin\miktex-taskbar-icon.exe
C:\MiKTeX-Portable-2.9\miktex/bin\miktex-update.exe
C:\MiKTeX-Portable-2.9\miktex/bin\miktex-update_admin.exe
[files]
C:\MiKTeX-Portable-2.9\miktex\config\uninst.log
